!SESSION 2017-01-12 19:20:43.717 -----------------------------------------------
eclipse.buildId=unknown
java.fullversion=JRE 1.7.0 IBM J9 2.6 Windows 8 amd64-64 Compressed References 20130617_152572 (JIT enabled, AOT enabled)
J9VM - R26_Java726_SR5_20130617_1436_B152572
JIT  - r11.b04_20130528_38954ifx1
GC   - R26_Java726_SR5_20130617_1436_B152572_CMPRSS
J9CL - 20130617_152572
BootLoader constants: OS=win32, ARCH=x86_64, WS=win32, NL=es_ES
Command-line arguments:  -clean -nl es_ES -configuration C:\Users\Eloy\Documents\IBM\ILOG\CPLEX_Studio126\AMMM-Project\.metadata\workspace_oplrun

!ENTRY ilog.odms.ide.opllang 1 0 2017-01-12 19:20:43.718
!MESSAGE concert_wrap.IloInitMT

!ENTRY ilog.odms.ide.opllang.remote 1 0 2017-01-12 19:20:43.920
!MESSAGE Run Configuración 1 in C:/Users/Eloy/Documents/IBM/ILOG/CPLEX_Studio126/AMMM-Project/Project
!SESSION 2017-01-12 19:21:14.752 -----------------------------------------------
eclipse.buildId=unknown
java.fullversion=JRE 1.7.0 IBM J9 2.6 Windows 8 amd64-64 Compressed References 20130617_152572 (JIT enabled, AOT enabled)
J9VM - R26_Java726_SR5_20130617_1436_B152572
JIT  - r11.b04_20130528_38954ifx1
GC   - R26_Java726_SR5_20130617_1436_B152572_CMPRSS
J9CL - 20130617_152572
BootLoader constants: OS=win32, ARCH=x86_64, WS=win32, NL=es_ES
Command-line arguments:  -clean -nl es_ES -configuration C:\Users\Eloy\Documents\IBM\ILOG\CPLEX_Studio126\AMMM-Project\.metadata\workspace_oplrun

!ENTRY ilog.odms.ide.opllang 1 0 2017-01-12 19:21:14.752
!MESSAGE concert_wrap.IloInitMT

!ENTRY ilog.odms.ide.opllang.remote 1 0 2017-01-12 19:21:14.894
!MESSAGE Run Configuración 1 in C:/Users/Eloy/Documents/IBM/ILOG/CPLEX_Studio126/AMMM-Project/Project
!SESSION 2017-01-12 19:23:57.267 -----------------------------------------------
eclipse.buildId=unknown
java.fullversion=JRE 1.7.0 IBM J9 2.6 Windows 8 amd64-64 Compressed References 20130617_152572 (JIT enabled, AOT enabled)
J9VM - R26_Java726_SR5_20130617_1436_B152572
JIT  - r11.b04_20130528_38954ifx1
GC   - R26_Java726_SR5_20130617_1436_B152572_CMPRSS
J9CL - 20130617_152572
BootLoader constants: OS=win32, ARCH=x86_64, WS=win32, NL=es_ES
Command-line arguments:  -clean -nl es_ES -configuration C:\Users\Eloy\Documents\IBM\ILOG\CPLEX_Studio126\AMMM-Project\.metadata\workspace_oplrun

!ENTRY ilog.odms.ide.opllang 1 0 2017-01-12 19:23:57.267
!MESSAGE concert_wrap.IloInitMT

!ENTRY ilog.odms.ide.opllang.remote 1 0 2017-01-12 19:23:57.373
!MESSAGE Run Configuración 1 in C:/Users/Eloy/Documents/IBM/ILOG/CPLEX_Studio126/AMMM-Project/Project
!SESSION 2017-01-12 19:24:31.584 -----------------------------------------------
eclipse.buildId=unknown
java.fullversion=JRE 1.7.0 IBM J9 2.6 Windows 8 amd64-64 Compressed References 20130617_152572 (JIT enabled, AOT enabled)
J9VM - R26_Java726_SR5_20130617_1436_B152572
JIT  - r11.b04_20130528_38954ifx1
GC   - R26_Java726_SR5_20130617_1436_B152572_CMPRSS
J9CL - 20130617_152572
BootLoader constants: OS=win32, ARCH=x86_64, WS=win32, NL=es_ES
Command-line arguments:  -clean -nl es_ES -configuration C:\Users\Eloy\Documents\IBM\ILOG\CPLEX_Studio126\AMMM-Project\.metadata\workspace_oplrun

!ENTRY ilog.odms.ide.opllang 1 0 2017-01-12 19:24:31.584
!MESSAGE concert_wrap.IloInitMT

!ENTRY ilog.odms.ide.opllang.remote 1 0 2017-01-12 19:24:31.696
!MESSAGE Run Configuración 1 in C:/Users/Eloy/Documents/IBM/ILOG/CPLEX_Studio126/AMMM-Project/Project
!SESSION 2017-01-12 19:25:13.394 -----------------------------------------------
eclipse.buildId=unknown
java.fullversion=JRE 1.7.0 IBM J9 2.6 Windows 8 amd64-64 Compressed References 20130617_152572 (JIT enabled, AOT enabled)
J9VM - R26_Java726_SR5_20130617_1436_B152572
JIT  - r11.b04_20130528_38954ifx1
GC   - R26_Java726_SR5_20130617_1436_B152572_CMPRSS
J9CL - 20130617_152572
BootLoader constants: OS=win32, ARCH=x86_64, WS=win32, NL=es_ES
Command-line arguments:  -clean -nl es_ES -configuration C:\Users\Eloy\Documents\IBM\ILOG\CPLEX_Studio126\AMMM-Project\.metadata\workspace_oplrun

!ENTRY ilog.odms.ide.opllang 1 0 2017-01-12 19:25:13.395
!MESSAGE concert_wrap.IloInitMT

!ENTRY ilog.odms.ide.opllang.remote 1 0 2017-01-12 19:25:13.503
!MESSAGE Run Configuración 1 in C:/Users/Eloy/Documents/IBM/ILOG/CPLEX_Studio126/AMMM-Project/Project
!SESSION 2017-01-12 19:42:57.408 -----------------------------------------------
eclipse.buildId=unknown
java.fullversion=JRE 1.7.0 IBM J9 2.6 Windows 8 amd64-64 Compressed References 20130617_152572 (JIT enabled, AOT enabled)
J9VM - R26_Java726_SR5_20130617_1436_B152572
JIT  - r11.b04_20130528_38954ifx1
GC   - R26_Java726_SR5_20130617_1436_B152572_CMPRSS
J9CL - 20130617_152572
BootLoader constants: OS=win32, ARCH=x86_64, WS=win32, NL=es_ES
Command-line arguments:  -clean -nl es_ES -configuration C:\Users\Eloy\Documents\IBM\ILOG\CPLEX_Studio126\AMMM-Project\.metadata\workspace_oplrun

!ENTRY ilog.odms.ide.opllang 1 0 2017-01-12 19:42:57.409
!MESSAGE concert_wrap.IloInitMT

!ENTRY ilog.odms.ide.opllang.remote 1 0 2017-01-12 19:42:57.622
!MESSAGE Run Configuración 1 in C:/Users/Eloy/Documents/IBM/ILOG/CPLEX_Studio126/AMMM-Project/Project
!SESSION 2017-01-12 21:51:14.026 -----------------------------------------------
eclipse.buildId=unknown
java.fullversion=JRE 1.7.0 IBM J9 2.6 Windows 8 amd64-64 Compressed References 20130617_152572 (JIT enabled, AOT enabled)
J9VM - R26_Java726_SR5_20130617_1436_B152572
JIT  - r11.b04_20130528_38954ifx1
GC   - R26_Java726_SR5_20130617_1436_B152572_CMPRSS
J9CL - 20130617_152572
BootLoader constants: OS=win32, ARCH=x86_64, WS=win32, NL=es_ES
Command-line arguments:  -clean -nl es_ES -configuration C:\Users\Eloy\Documents\IBM\ILOG\CPLEX_Studio126\AMMM-Project\.metadata\workspace_oplrun

!ENTRY ilog.odms.ide.opllang 1 0 2017-01-12 21:51:14.026
!MESSAGE concert_wrap.IloInitMT

!ENTRY ilog.odms.ide.opllang.remote 1 0 2017-01-12 21:51:14.107
!MESSAGE Run Configuración 1 in C:/Users/Eloy/Documents/IBM/ILOG/CPLEX_Studio126/AMMM-Project/Project
!SESSION 2017-01-12 21:59:30.613 -----------------------------------------------
eclipse.buildId=unknown
java.fullversion=JRE 1.7.0 IBM J9 2.6 Windows 8 amd64-64 Compressed References 20130617_152572 (JIT enabled, AOT enabled)
J9VM - R26_Java726_SR5_20130617_1436_B152572
JIT  - r11.b04_20130528_38954ifx1
GC   - R26_Java726_SR5_20130617_1436_B152572_CMPRSS
J9CL - 20130617_152572
BootLoader constants: OS=win32, ARCH=x86_64, WS=win32, NL=es_ES
Command-line arguments:  -clean -nl es_ES -configuration C:\Users\Eloy\Documents\IBM\ILOG\CPLEX_Studio126\AMMM-Project\.metadata\workspace_oplrun

!ENTRY ilog.odms.ide.opllang 1 0 2017-01-12 21:59:30.613
!MESSAGE concert_wrap.IloInitMT

!ENTRY ilog.odms.ide.opllang.remote 1 0 2017-01-12 21:59:30.716
!MESSAGE Run Configuración 1 in C:/Users/Eloy/Documents/IBM/ILOG/CPLEX_Studio126/AMMM-Project/Project
!SESSION 2017-01-12 22:00:41.145 -----------------------------------------------
eclipse.buildId=unknown
java.fullversion=JRE 1.7.0 IBM J9 2.6 Windows 8 amd64-64 Compressed References 20130617_152572 (JIT enabled, AOT enabled)
J9VM - R26_Java726_SR5_20130617_1436_B152572
JIT  - r11.b04_20130528_38954ifx1
GC   - R26_Java726_SR5_20130617_1436_B152572_CMPRSS
J9CL - 20130617_152572
BootLoader constants: OS=win32, ARCH=x86_64, WS=win32, NL=es_ES
Command-line arguments:  -clean -nl es_ES -configuration C:\Users\Eloy\Documents\IBM\ILOG\CPLEX_Studio126\AMMM-Project\.metadata\workspace_oplrun

!ENTRY ilog.odms.ide.opllang 1 0 2017-01-12 22:00:41.145
!MESSAGE concert_wrap.IloInitMT

!ENTRY ilog.odms.ide.opllang.remote 1 0 2017-01-12 22:00:41.244
!MESSAGE Run Configuración 1 in C:/Users/Eloy/Documents/IBM/ILOG/CPLEX_Studio126/AMMM-Project/Project
!SESSION 2017-01-12 22:00:50.671 -----------------------------------------------
eclipse.buildId=unknown
java.fullversion=JRE 1.7.0 IBM J9 2.6 Windows 8 amd64-64 Compressed References 20130617_152572 (JIT enabled, AOT enabled)
J9VM - R26_Java726_SR5_20130617_1436_B152572
JIT  - r11.b04_20130528_38954ifx1
GC   - R26_Java726_SR5_20130617_1436_B152572_CMPRSS
J9CL - 20130617_152572
BootLoader constants: OS=win32, ARCH=x86_64, WS=win32, NL=es_ES
Command-line arguments:  -clean -nl es_ES -configuration C:\Users\Eloy\Documents\IBM\ILOG\CPLEX_Studio126\AMMM-Project\.metadata\workspace_oplrun

!ENTRY ilog.odms.ide.opllang 1 0 2017-01-12 22:00:50.671
!MESSAGE concert_wrap.IloInitMT

!ENTRY ilog.odms.ide.opllang.remote 1 0 2017-01-12 22:00:50.826
!MESSAGE Run Configuración 1 in C:/Users/Eloy/Documents/IBM/ILOG/CPLEX_Studio126/AMMM-Project/Project
!SESSION 2017-01-12 22:00:59.133 -----------------------------------------------
eclipse.buildId=unknown
java.fullversion=JRE 1.7.0 IBM J9 2.6 Windows 8 amd64-64 Compressed References 20130617_152572 (JIT enabled, AOT enabled)
J9VM - R26_Java726_SR5_20130617_1436_B152572
JIT  - r11.b04_20130528_38954ifx1
GC   - R26_Java726_SR5_20130617_1436_B152572_CMPRSS
J9CL - 20130617_152572
BootLoader constants: OS=win32, ARCH=x86_64, WS=win32, NL=es_ES
Command-line arguments:  -clean -nl es_ES -configuration C:\Users\Eloy\Documents\IBM\ILOG\CPLEX_Studio126\AMMM-Project\.metadata\workspace_oplrun

!ENTRY ilog.odms.ide.opllang 1 0 2017-01-12 22:00:59.133
!MESSAGE concert_wrap.IloInitMT

!ENTRY ilog.odms.ide.opllang.remote 1 0 2017-01-12 22:00:59.244
!MESSAGE Run Configuración 1 in C:/Users/Eloy/Documents/IBM/ILOG/CPLEX_Studio126/AMMM-Project/Project
!SESSION 2017-01-12 22:02:07.912 -----------------------------------------------
eclipse.buildId=unknown
java.fullversion=JRE 1.7.0 IBM J9 2.6 Windows 8 amd64-64 Compressed References 20130617_152572 (JIT enabled, AOT enabled)
J9VM - R26_Java726_SR5_20130617_1436_B152572
JIT  - r11.b04_20130528_38954ifx1
GC   - R26_Java726_SR5_20130617_1436_B152572_CMPRSS
J9CL - 20130617_152572
BootLoader constants: OS=win32, ARCH=x86_64, WS=win32, NL=es_ES
Command-line arguments:  -clean -nl es_ES -configuration C:\Users\Eloy\Documents\IBM\ILOG\CPLEX_Studio126\AMMM-Project\.metadata\workspace_oplrun

!ENTRY ilog.odms.ide.opllang 1 0 2017-01-12 22:02:07.912
!MESSAGE concert_wrap.IloInitMT

!ENTRY ilog.odms.ide.opllang.remote 1 0 2017-01-12 22:02:08.057
!MESSAGE Run Configuración 1 in C:/Users/Eloy/Documents/IBM/ILOG/CPLEX_Studio126/AMMM-Project/Project
!SESSION 2017-01-12 22:02:16.261 -----------------------------------------------
eclipse.buildId=unknown
java.fullversion=JRE 1.7.0 IBM J9 2.6 Windows 8 amd64-64 Compressed References 20130617_152572 (JIT enabled, AOT enabled)
J9VM - R26_Java726_SR5_20130617_1436_B152572
JIT  - r11.b04_20130528_38954ifx1
GC   - R26_Java726_SR5_20130617_1436_B152572_CMPRSS
J9CL - 20130617_152572
BootLoader constants: OS=win32, ARCH=x86_64, WS=win32, NL=es_ES
Command-line arguments:  -clean -nl es_ES -configuration C:\Users\Eloy\Documents\IBM\ILOG\CPLEX_Studio126\AMMM-Project\.metadata\workspace_oplrun

!ENTRY ilog.odms.ide.opllang 1 0 2017-01-12 22:02:16.261
!MESSAGE concert_wrap.IloInitMT

!ENTRY ilog.odms.ide.opllang.remote 1 0 2017-01-12 22:02:16.396
!MESSAGE Run Configuración 1 in C:/Users/Eloy/Documents/IBM/ILOG/CPLEX_Studio126/AMMM-Project/Project
!SESSION 2017-01-12 22:02:27.746 -----------------------------------------------
eclipse.buildId=unknown
java.fullversion=JRE 1.7.0 IBM J9 2.6 Windows 8 amd64-64 Compressed References 20130617_152572 (JIT enabled, AOT enabled)
J9VM - R26_Java726_SR5_20130617_1436_B152572
JIT  - r11.b04_20130528_38954ifx1
GC   - R26_Java726_SR5_20130617_1436_B152572_CMPRSS
J9CL - 20130617_152572
BootLoader constants: OS=win32, ARCH=x86_64, WS=win32, NL=es_ES
Command-line arguments:  -clean -nl es_ES -configuration C:\Users\Eloy\Documents\IBM\ILOG\CPLEX_Studio126\AMMM-Project\.metadata\workspace_oplrun

!ENTRY ilog.odms.ide.opllang 1 0 2017-01-12 22:02:27.746
!MESSAGE concert_wrap.IloInitMT

!ENTRY ilog.odms.ide.opllang.remote 1 0 2017-01-12 22:02:27.846
!MESSAGE Run Configuración 1 in C:/Users/Eloy/Documents/IBM/ILOG/CPLEX_Studio126/AMMM-Project/Project
!SESSION 2017-01-12 22:04:31.319 -----------------------------------------------
eclipse.buildId=unknown
java.fullversion=JRE 1.7.0 IBM J9 2.6 Windows 8 amd64-64 Compressed References 20130617_152572 (JIT enabled, AOT enabled)
J9VM - R26_Java726_SR5_20130617_1436_B152572
JIT  - r11.b04_20130528_38954ifx1
GC   - R26_Java726_SR5_20130617_1436_B152572_CMPRSS
J9CL - 20130617_152572
BootLoader constants: OS=win32, ARCH=x86_64, WS=win32, NL=es_ES
Command-line arguments:  -clean -nl es_ES -configuration C:\Users\Eloy\Documents\IBM\ILOG\CPLEX_Studio126\AMMM-Project\.metadata\workspace_oplrun

!ENTRY ilog.odms.ide.opllang 1 0 2017-01-12 22:04:31.319
!MESSAGE concert_wrap.IloInitMT

!ENTRY ilog.odms.ide.opllang.remote 1 0 2017-01-12 22:04:31.444
!MESSAGE Run Configuración 1 in C:/Users/Eloy/Documents/IBM/ILOG/CPLEX_Studio126/AMMM-Project/Project
!SESSION 2017-01-12 22:05:00.237 -----------------------------------------------
eclipse.buildId=unknown
java.fullversion=JRE 1.7.0 IBM J9 2.6 Windows 8 amd64-64 Compressed References 20130617_152572 (JIT enabled, AOT enabled)
J9VM - R26_Java726_SR5_20130617_1436_B152572
JIT  - r11.b04_20130528_38954ifx1
GC   - R26_Java726_SR5_20130617_1436_B152572_CMPRSS
J9CL - 20130617_152572
BootLoader constants: OS=win32, ARCH=x86_64, WS=win32, NL=es_ES
Command-line arguments:  -clean -nl es_ES -configuration C:\Users\Eloy\Documents\IBM\ILOG\CPLEX_Studio126\AMMM-Project\.metadata\workspace_oplrun

!ENTRY ilog.odms.ide.opllang 1 0 2017-01-12 22:05:00.237
!MESSAGE concert_wrap.IloInitMT

!ENTRY ilog.odms.ide.opllang.remote 1 0 2017-01-12 22:05:00.360
!MESSAGE Run Configuración 1 in C:/Users/Eloy/Documents/IBM/ILOG/CPLEX_Studio126/AMMM-Project/Project
!SESSION 2017-01-12 22:05:52.642 -----------------------------------------------
eclipse.buildId=unknown
java.fullversion=JRE 1.7.0 IBM J9 2.6 Windows 8 amd64-64 Compressed References 20130617_152572 (JIT enabled, AOT enabled)
J9VM - R26_Java726_SR5_20130617_1436_B152572
JIT  - r11.b04_20130528_38954ifx1
GC   - R26_Java726_SR5_20130617_1436_B152572_CMPRSS
J9CL - 20130617_152572
BootLoader constants: OS=win32, ARCH=x86_64, WS=win32, NL=es_ES
Command-line arguments:  -clean -nl es_ES -configuration C:\Users\Eloy\Documents\IBM\ILOG\CPLEX_Studio126\AMMM-Project\.metadata\workspace_oplrun

!ENTRY ilog.odms.ide.opllang 1 0 2017-01-12 22:05:52.642
!MESSAGE concert_wrap.IloInitMT

!ENTRY ilog.odms.ide.opllang.remote 1 0 2017-01-12 22:05:52.714
!MESSAGE Run Configuración 1 in C:/Users/Eloy/Documents/IBM/ILOG/CPLEX_Studio126/AMMM-Project/Project
!SESSION 2017-01-12 22:06:05.373 -----------------------------------------------
eclipse.buildId=unknown
java.fullversion=JRE 1.7.0 IBM J9 2.6 Windows 8 amd64-64 Compressed References 20130617_152572 (JIT enabled, AOT enabled)
J9VM - R26_Java726_SR5_20130617_1436_B152572
JIT  - r11.b04_20130528_38954ifx1
GC   - R26_Java726_SR5_20130617_1436_B152572_CMPRSS
J9CL - 20130617_152572
BootLoader constants: OS=win32, ARCH=x86_64, WS=win32, NL=es_ES
Command-line arguments:  -clean -nl es_ES -configuration C:\Users\Eloy\Documents\IBM\ILOG\CPLEX_Studio126\AMMM-Project\.metadata\workspace_oplrun

!ENTRY ilog.odms.ide.opllang 1 0 2017-01-12 22:06:05.373
!MESSAGE concert_wrap.IloInitMT

!ENTRY ilog.odms.ide.opllang.remote 1 0 2017-01-12 22:06:05.490
!MESSAGE Run Configuración 1 in C:/Users/Eloy/Documents/IBM/ILOG/CPLEX_Studio126/AMMM-Project/Project
!SESSION 2017-01-12 22:40:48.439 -----------------------------------------------
eclipse.buildId=unknown
java.fullversion=JRE 1.7.0 IBM J9 2.6 Windows 8 amd64-64 Compressed References 20130617_152572 (JIT enabled, AOT enabled)
J9VM - R26_Java726_SR5_20130617_1436_B152572
JIT  - r11.b04_20130528_38954ifx1
GC   - R26_Java726_SR5_20130617_1436_B152572_CMPRSS
J9CL - 20130617_152572
BootLoader constants: OS=win32, ARCH=x86_64, WS=win32, NL=es_ES
Command-line arguments:  -clean -nl es_ES -configuration C:\Users\Eloy\Documents\IBM\ILOG\CPLEX_Studio126\AMMM-Project\.metadata\workspace_oplrun

!ENTRY ilog.odms.ide.opllang 1 0 2017-01-12 22:40:48.439
!MESSAGE concert_wrap.IloInitMT

!ENTRY ilog.odms.ide.opllang.remote 1 0 2017-01-12 22:40:48.565
!MESSAGE Run Configuración 1 in C:/Users/Eloy/Documents/IBM/ILOG/CPLEX_Studio126/AMMM-Project/Project
!SESSION 2017-01-12 22:41:44.815 -----------------------------------------------
eclipse.buildId=unknown
java.fullversion=JRE 1.7.0 IBM J9 2.6 Windows 8 amd64-64 Compressed References 20130617_152572 (JIT enabled, AOT enabled)
J9VM - R26_Java726_SR5_20130617_1436_B152572
JIT  - r11.b04_20130528_38954ifx1
GC   - R26_Java726_SR5_20130617_1436_B152572_CMPRSS
J9CL - 20130617_152572
BootLoader constants: OS=win32, ARCH=x86_64, WS=win32, NL=es_ES
Command-line arguments:  -clean -nl es_ES -configuration C:\Users\Eloy\Documents\IBM\ILOG\CPLEX_Studio126\AMMM-Project\.metadata\workspace_oplrun

!ENTRY ilog.odms.ide.opllang 1 0 2017-01-12 22:41:44.815
!MESSAGE concert_wrap.IloInitMT

!ENTRY ilog.odms.ide.opllang.remote 1 0 2017-01-12 22:41:44.955
!MESSAGE Run Configuración 1 in C:/Users/Eloy/Documents/IBM/ILOG/CPLEX_Studio126/AMMM-Project/Project

!ENTRY ilog.odms.ide.opllang.remote 4 0 2017-01-12 22:41:45.003
!MESSAGE load failed
!STACK 1
org.eclipse.core.runtime.CoreException: load failed
	at ilog.odms.ide.opllang.remote.IloOplRunConfigRunner.doSetUpModel(IloOplRunConfigRunner.java:151)
	at ilog.odms.ide.opllang.remote.IloOplRunConfigRunner.doRun(IloOplRunConfigRunner.java:395)
	at ilog.odms.ide.opllang.run.IloAbstractRunShell$2.run(IloAbstractRunShell.java:1614)
	at org.eclipse.core.internal.jobs.Worker.run(Worker.java:53)
Caused by: ilog.concert.IloException: Imposible cargar el modelo.
	at ilog.opl.opl_lang_wrapJNI.IloOplRunConfiguration_getCppOplModel(Native Method)
	at ilog.opl.IloOplRunConfiguration.getCppOplModel(IloOplRunConfiguration.java:232)
	at ilog.opl.IloOplRunConfiguration.getOplModel(IloOplRunConfiguration.java:116)
	at ilog.odms.ide.opllang.remote.IloOplRunConfigRunner.doSetUpModel(IloOplRunConfigRunner.java:145)
	... 3 more
!SUBENTRY 1 ilog.odms.ide.opllang.remote 4 0 2017-01-12 22:41:45.004
!MESSAGE load failed
!STACK 0
ilog.concert.IloException: Imposible cargar el modelo.
	at ilog.opl.opl_lang_wrapJNI.IloOplRunConfiguration_getCppOplModel(Native Method)
	at ilog.opl.IloOplRunConfiguration.getCppOplModel(IloOplRunConfiguration.java:232)
	at ilog.opl.IloOplRunConfiguration.getOplModel(IloOplRunConfiguration.java:116)
	at ilog.odms.ide.opllang.remote.IloOplRunConfigRunner.doSetUpModel(IloOplRunConfigRunner.java:145)
	at ilog.odms.ide.opllang.remote.IloOplRunConfigRunner.doRun(IloOplRunConfigRunner.java:395)
	at ilog.odms.ide.opllang.run.IloAbstractRunShell$2.run(IloAbstractRunShell.java:1614)
	at org.eclipse.core.internal.jobs.Worker.run(Worker.java:53)
!SESSION 2017-01-12 22:41:53.508 -----------------------------------------------
eclipse.buildId=unknown
java.fullversion=JRE 1.7.0 IBM J9 2.6 Windows 8 amd64-64 Compressed References 20130617_152572 (JIT enabled, AOT enabled)
J9VM - R26_Java726_SR5_20130617_1436_B152572
JIT  - r11.b04_20130528_38954ifx1
GC   - R26_Java726_SR5_20130617_1436_B152572_CMPRSS
J9CL - 20130617_152572
BootLoader constants: OS=win32, ARCH=x86_64, WS=win32, NL=es_ES
Command-line arguments:  -clean -nl es_ES -configuration C:\Users\Eloy\Documents\IBM\ILOG\CPLEX_Studio126\AMMM-Project\.metadata\workspace_oplrun

!ENTRY ilog.odms.ide.opllang 1 0 2017-01-12 22:41:53.509
!MESSAGE concert_wrap.IloInitMT

!ENTRY ilog.odms.ide.opllang.remote 1 0 2017-01-12 22:41:53.623
!MESSAGE Run Configuración 1 in C:/Users/Eloy/Documents/IBM/ILOG/CPLEX_Studio126/AMMM-Project/Project
!SESSION 2017-01-12 22:42:22.246 -----------------------------------------------
eclipse.buildId=unknown
java.fullversion=JRE 1.7.0 IBM J9 2.6 Windows 8 amd64-64 Compressed References 20130617_152572 (JIT enabled, AOT enabled)
J9VM - R26_Java726_SR5_20130617_1436_B152572
JIT  - r11.b04_20130528_38954ifx1
GC   - R26_Java726_SR5_20130617_1436_B152572_CMPRSS
J9CL - 20130617_152572
BootLoader constants: OS=win32, ARCH=x86_64, WS=win32, NL=es_ES
Command-line arguments:  -clean -nl es_ES -configuration C:\Users\Eloy\Documents\IBM\ILOG\CPLEX_Studio126\AMMM-Project\.metadata\workspace_oplrun

!ENTRY ilog.odms.ide.opllang 1 0 2017-01-12 22:42:22.246
!MESSAGE concert_wrap.IloInitMT

!ENTRY ilog.odms.ide.opllang.remote 1 0 2017-01-12 22:42:22.386
!MESSAGE Run Configuración 1 in C:/Users/Eloy/Documents/IBM/ILOG/CPLEX_Studio126/AMMM-Project/Project

!ENTRY ilog.odms.ide.opllang.remote 4 0 2017-01-12 22:42:22.463
!MESSAGE run failed
!STACK 0
ilog.concert.IloException: CPLEX Error  5002: Q in 'q1' is not positive semi-definite.

	at ilog.cplex.cppimpl.cplex_wrapJNI.IloCplex_solve__SWIG_0(Native Method)
	at ilog.cplex.cppimpl.IloCplex.solve(IloCplex.java:1134)
	at ilog.cplex.IloCplex.solve(IloCplex.java:11643)
	at ilog.odms.ide.opllang.remote.IloOplRunConfigRunner.doProcessSimpleCplex(IloOplRunConfigRunner.java:242)
	at ilog.odms.ide.opllang.remote.IloOplRunConfigRunner.doProcessSimple(IloOplRunConfigRunner.java:183)
	at ilog.odms.ide.opllang.remote.IloOplRunConfigRunner.doProcessModel(IloOplRunConfigRunner.java:169)
	at ilog.odms.ide.opllang.remote.IloOplRunConfigRunner.doRun(IloOplRunConfigRunner.java:398)
	at ilog.odms.ide.opllang.run.IloAbstractRunShell$2.run(IloAbstractRunShell.java:1614)
	at org.eclipse.core.internal.jobs.Worker.run(Worker.java:53)
!SESSION 2017-01-12 22:44:30.041 -----------------------------------------------
eclipse.buildId=unknown
java.fullversion=JRE 1.7.0 IBM J9 2.6 Windows 8 amd64-64 Compressed References 20130617_152572 (JIT enabled, AOT enabled)
J9VM - R26_Java726_SR5_20130617_1436_B152572
JIT  - r11.b04_20130528_38954ifx1
GC   - R26_Java726_SR5_20130617_1436_B152572_CMPRSS
J9CL - 20130617_152572
BootLoader constants: OS=win32, ARCH=x86_64, WS=win32, NL=es_ES
Command-line arguments:  -clean -nl es_ES -configuration C:\Users\Eloy\Documents\IBM\ILOG\CPLEX_Studio126\AMMM-Project\.metadata\workspace_oplrun

!ENTRY ilog.odms.ide.opllang 1 0 2017-01-12 22:44:30.041
!MESSAGE concert_wrap.IloInitMT

!ENTRY ilog.odms.ide.opllang.remote 1 0 2017-01-12 22:44:30.157
!MESSAGE Run Configuración 1 in C:/Users/Eloy/Documents/IBM/ILOG/CPLEX_Studio126/AMMM-Project/Project
!SESSION 2017-01-12 22:48:15.179 -----------------------------------------------
eclipse.buildId=unknown
java.fullversion=JRE 1.7.0 IBM J9 2.6 Windows 8 amd64-64 Compressed References 20130617_152572 (JIT enabled, AOT enabled)
J9VM - R26_Java726_SR5_20130617_1436_B152572
JIT  - r11.b04_20130528_38954ifx1
GC   - R26_Java726_SR5_20130617_1436_B152572_CMPRSS
J9CL - 20130617_152572
BootLoader constants: OS=win32, ARCH=x86_64, WS=win32, NL=es_ES
Command-line arguments:  -clean -nl es_ES -configuration C:\Users\Eloy\Documents\IBM\ILOG\CPLEX_Studio126\AMMM-Project\.metadata\workspace_oplrun

!ENTRY ilog.odms.ide.opllang 1 0 2017-01-12 22:48:15.179
!MESSAGE concert_wrap.IloInitMT

!ENTRY ilog.odms.ide.opllang.remote 1 0 2017-01-12 22:48:15.287
!MESSAGE Run Configuración 1 in C:/Users/Eloy/Documents/IBM/ILOG/CPLEX_Studio126/AMMM-Project/Project
!SESSION 2017-01-12 22:48:44.064 -----------------------------------------------
eclipse.buildId=unknown
java.fullversion=JRE 1.7.0 IBM J9 2.6 Windows 8 amd64-64 Compressed References 20130617_152572 (JIT enabled, AOT enabled)
J9VM - R26_Java726_SR5_20130617_1436_B152572
JIT  - r11.b04_20130528_38954ifx1
GC   - R26_Java726_SR5_20130617_1436_B152572_CMPRSS
J9CL - 20130617_152572
BootLoader constants: OS=win32, ARCH=x86_64, WS=win32, NL=es_ES
Command-line arguments:  -clean -nl es_ES -configuration C:\Users\Eloy\Documents\IBM\ILOG\CPLEX_Studio126\AMMM-Project\.metadata\workspace_oplrun

!ENTRY ilog.odms.ide.opllang 1 0 2017-01-12 22:48:44.064
!MESSAGE concert_wrap.IloInitMT

!ENTRY ilog.odms.ide.opllang.remote 1 0 2017-01-12 22:48:44.185
!MESSAGE Run Configuración 1 in C:/Users/Eloy/Documents/IBM/ILOG/CPLEX_Studio126/AMMM-Project/Project
!SESSION 2017-01-12 22:49:53.403 -----------------------------------------------
eclipse.buildId=unknown
java.fullversion=JRE 1.7.0 IBM J9 2.6 Windows 8 amd64-64 Compressed References 20130617_152572 (JIT enabled, AOT enabled)
J9VM - R26_Java726_SR5_20130617_1436_B152572
JIT  - r11.b04_20130528_38954ifx1
GC   - R26_Java726_SR5_20130617_1436_B152572_CMPRSS
J9CL - 20130617_152572
BootLoader constants: OS=win32, ARCH=x86_64, WS=win32, NL=es_ES
Command-line arguments:  -clean -nl es_ES -configuration C:\Users\Eloy\Documents\IBM\ILOG\CPLEX_Studio126\AMMM-Project\.metadata\workspace_oplrun

!ENTRY ilog.odms.ide.opllang 1 0 2017-01-12 22:49:53.403
!MESSAGE concert_wrap.IloInitMT

!ENTRY ilog.odms.ide.opllang.remote 1 0 2017-01-12 22:49:53.500
!MESSAGE Run Configuración 1 in C:/Users/Eloy/Documents/IBM/ILOG/CPLEX_Studio126/AMMM-Project/Project
!SESSION 2017-01-12 22:50:55.633 -----------------------------------------------
eclipse.buildId=unknown
java.fullversion=JRE 1.7.0 IBM J9 2.6 Windows 8 amd64-64 Compressed References 20130617_152572 (JIT enabled, AOT enabled)
J9VM - R26_Java726_SR5_20130617_1436_B152572
JIT  - r11.b04_20130528_38954ifx1
GC   - R26_Java726_SR5_20130617_1436_B152572_CMPRSS
J9CL - 20130617_152572
BootLoader constants: OS=win32, ARCH=x86_64, WS=win32, NL=es_ES
Command-line arguments:  -clean -nl es_ES -configuration C:\Users\Eloy\Documents\IBM\ILOG\CPLEX_Studio126\AMMM-Project\.metadata\workspace_oplrun

!ENTRY ilog.odms.ide.opllang 1 0 2017-01-12 22:50:55.634
!MESSAGE concert_wrap.IloInitMT

!ENTRY ilog.odms.ide.opllang.remote 1 0 2017-01-12 22:50:55.765
!MESSAGE Run Configuración 1 in C:/Users/Eloy/Documents/IBM/ILOG/CPLEX_Studio126/AMMM-Project/Project
!SESSION 2017-01-12 22:51:34.605 -----------------------------------------------
eclipse.buildId=unknown
java.fullversion=JRE 1.7.0 IBM J9 2.6 Windows 8 amd64-64 Compressed References 20130617_152572 (JIT enabled, AOT enabled)
J9VM - R26_Java726_SR5_20130617_1436_B152572
JIT  - r11.b04_20130528_38954ifx1
GC   - R26_Java726_SR5_20130617_1436_B152572_CMPRSS
J9CL - 20130617_152572
BootLoader constants: OS=win32, ARCH=x86_64, WS=win32, NL=es_ES
Command-line arguments:  -clean -nl es_ES -configuration C:\Users\Eloy\Documents\IBM\ILOG\CPLEX_Studio126\AMMM-Project\.metadata\workspace_oplrun

!ENTRY ilog.odms.ide.opllang 1 0 2017-01-12 22:51:34.605
!MESSAGE concert_wrap.IloInitMT

!ENTRY ilog.odms.ide.opllang.remote 1 0 2017-01-12 22:51:34.726
!MESSAGE Run Configuración 1 in C:/Users/Eloy/Documents/IBM/ILOG/CPLEX_Studio126/AMMM-Project/Project
!SESSION 2017-01-12 22:52:31.721 -----------------------------------------------
eclipse.buildId=unknown
java.fullversion=JRE 1.7.0 IBM J9 2.6 Windows 8 amd64-64 Compressed References 20130617_152572 (JIT enabled, AOT enabled)
J9VM - R26_Java726_SR5_20130617_1436_B152572
JIT  - r11.b04_20130528_38954ifx1
GC   - R26_Java726_SR5_20130617_1436_B152572_CMPRSS
J9CL - 20130617_152572
BootLoader constants: OS=win32, ARCH=x86_64, WS=win32, NL=es_ES
Command-line arguments:  -clean -nl es_ES -configuration C:\Users\Eloy\Documents\IBM\ILOG\CPLEX_Studio126\AMMM-Project\.metadata\workspace_oplrun

!ENTRY ilog.odms.ide.opllang 1 0 2017-01-12 22:52:31.721
!MESSAGE concert_wrap.IloInitMT

!ENTRY ilog.odms.ide.opllang.remote 1 0 2017-01-12 22:52:31.801
!MESSAGE Run Configuración 1 in C:/Users/Eloy/Documents/IBM/ILOG/CPLEX_Studio126/AMMM-Project/Project
!SESSION 2017-01-12 22:54:35.507 -----------------------------------------------
eclipse.buildId=unknown
java.fullversion=JRE 1.7.0 IBM J9 2.6 Windows 8 amd64-64 Compressed References 20130617_152572 (JIT enabled, AOT enabled)
J9VM - R26_Java726_SR5_20130617_1436_B152572
JIT  - r11.b04_20130528_38954ifx1
GC   - R26_Java726_SR5_20130617_1436_B152572_CMPRSS
J9CL - 20130617_152572
BootLoader constants: OS=win32, ARCH=x86_64, WS=win32, NL=es_ES
Command-line arguments:  -clean -nl es_ES -configuration C:\Users\Eloy\Documents\IBM\ILOG\CPLEX_Studio126\AMMM-Project\.metadata\workspace_oplrun

!ENTRY ilog.odms.ide.opllang 1 0 2017-01-12 22:54:35.507
!MESSAGE concert_wrap.IloInitMT

!ENTRY ilog.odms.ide.opllang.remote 1 0 2017-01-12 22:54:35.596
!MESSAGE Run Configuración 1 in C:/Users/Eloy/Documents/IBM/ILOG/CPLEX_Studio126/AMMM-Project/Project
!SESSION 2017-01-12 22:55:17.395 -----------------------------------------------
eclipse.buildId=unknown
java.fullversion=JRE 1.7.0 IBM J9 2.6 Windows 8 amd64-64 Compressed References 20130617_152572 (JIT enabled, AOT enabled)
J9VM - R26_Java726_SR5_20130617_1436_B152572
JIT  - r11.b04_20130528_38954ifx1
GC   - R26_Java726_SR5_20130617_1436_B152572_CMPRSS
J9CL - 20130617_152572
BootLoader constants: OS=win32, ARCH=x86_64, WS=win32, NL=es_ES
Command-line arguments:  -clean -nl es_ES -configuration C:\Users\Eloy\Documents\IBM\ILOG\CPLEX_Studio126\AMMM-Project\.metadata\workspace_oplrun

!ENTRY ilog.odms.ide.opllang 1 0 2017-01-12 22:55:17.395
!MESSAGE concert_wrap.IloInitMT

!ENTRY ilog.odms.ide.opllang.remote 1 0 2017-01-12 22:55:17.529
!MESSAGE Run Configuración 1 in C:/Users/Eloy/Documents/IBM/ILOG/CPLEX_Studio126/AMMM-Project/Project
!SESSION 2017-01-12 22:56:18.013 -----------------------------------------------
eclipse.buildId=unknown
java.fullversion=JRE 1.7.0 IBM J9 2.6 Windows 8 amd64-64 Compressed References 20130617_152572 (JIT enabled, AOT enabled)
J9VM - R26_Java726_SR5_20130617_1436_B152572
JIT  - r11.b04_20130528_38954ifx1
GC   - R26_Java726_SR5_20130617_1436_B152572_CMPRSS
J9CL - 20130617_152572
BootLoader constants: OS=win32, ARCH=x86_64, WS=win32, NL=es_ES
Command-line arguments:  -clean -nl es_ES -configuration C:\Users\Eloy\Documents\IBM\ILOG\CPLEX_Studio126\AMMM-Project\.metadata\workspace_oplrun

!ENTRY ilog.odms.ide.opllang 1 0 2017-01-12 22:56:18.013
!MESSAGE concert_wrap.IloInitMT

!ENTRY ilog.odms.ide.opllang.remote 1 0 2017-01-12 22:56:18.104
!MESSAGE Run Configuración 1 in C:/Users/Eloy/Documents/IBM/ILOG/CPLEX_Studio126/AMMM-Project/Project
!SESSION 2017-01-12 22:57:09.609 -----------------------------------------------
eclipse.buildId=unknown
java.fullversion=JRE 1.7.0 IBM J9 2.6 Windows 8 amd64-64 Compressed References 20130617_152572 (JIT enabled, AOT enabled)
J9VM - R26_Java726_SR5_20130617_1436_B152572
JIT  - r11.b04_20130528_38954ifx1
GC   - R26_Java726_SR5_20130617_1436_B152572_CMPRSS
J9CL - 20130617_152572
BootLoader constants: OS=win32, ARCH=x86_64, WS=win32, NL=es_ES
Command-line arguments:  -clean -nl es_ES -configuration C:\Users\Eloy\Documents\IBM\ILOG\CPLEX_Studio126\AMMM-Project\.metadata\workspace_oplrun

!ENTRY ilog.odms.ide.opllang 1 0 2017-01-12 22:57:09.609
!MESSAGE concert_wrap.IloInitMT

!ENTRY ilog.odms.ide.opllang.remote 1 0 2017-01-12 22:57:09.729
!MESSAGE Run Configuración 1 in C:/Users/Eloy/Documents/IBM/ILOG/CPLEX_Studio126/AMMM-Project/Project
!SESSION 2017-01-12 22:59:28.972 -----------------------------------------------
eclipse.buildId=unknown
java.fullversion=JRE 1.7.0 IBM J9 2.6 Windows 8 amd64-64 Compressed References 20130617_152572 (JIT enabled, AOT enabled)
J9VM - R26_Java726_SR5_20130617_1436_B152572
JIT  - r11.b04_20130528_38954ifx1
GC   - R26_Java726_SR5_20130617_1436_B152572_CMPRSS
J9CL - 20130617_152572
BootLoader constants: OS=win32, ARCH=x86_64, WS=win32, NL=es_ES
Command-line arguments:  -clean -nl es_ES -configuration C:\Users\Eloy\Documents\IBM\ILOG\CPLEX_Studio126\AMMM-Project\.metadata\workspace_oplrun

!ENTRY ilog.odms.ide.opllang 1 0 2017-01-12 22:59:28.972
!MESSAGE concert_wrap.IloInitMT

!ENTRY ilog.odms.ide.opllang.remote 1 0 2017-01-12 22:59:29.102
!MESSAGE Run Configuración 1 in C:/Users/Eloy/Documents/IBM/ILOG/CPLEX_Studio126/AMMM-Project/Project
!SESSION 2017-01-12 22:59:49.992 -----------------------------------------------
eclipse.buildId=unknown
java.fullversion=JRE 1.7.0 IBM J9 2.6 Windows 8 amd64-64 Compressed References 20130617_152572 (JIT enabled, AOT enabled)
J9VM - R26_Java726_SR5_20130617_1436_B152572
JIT  - r11.b04_20130528_38954ifx1
GC   - R26_Java726_SR5_20130617_1436_B152572_CMPRSS
J9CL - 20130617_152572
BootLoader constants: OS=win32, ARCH=x86_64, WS=win32, NL=es_ES
Command-line arguments:  -clean -nl es_ES -configuration C:\Users\Eloy\Documents\IBM\ILOG\CPLEX_Studio126\AMMM-Project\.metadata\workspace_oplrun

!ENTRY ilog.odms.ide.opllang 1 0 2017-01-12 22:59:49.992
!MESSAGE concert_wrap.IloInitMT

!ENTRY ilog.odms.ide.opllang.remote 1 0 2017-01-12 22:59:50.117
!MESSAGE Run Configuración 1 in C:/Users/Eloy/Documents/IBM/ILOG/CPLEX_Studio126/AMMM-Project/Project
!SESSION 2017-01-12 23:00:33.286 -----------------------------------------------
eclipse.buildId=unknown
java.fullversion=JRE 1.7.0 IBM J9 2.6 Windows 8 amd64-64 Compressed References 20130617_152572 (JIT enabled, AOT enabled)
J9VM - R26_Java726_SR5_20130617_1436_B152572
JIT  - r11.b04_20130528_38954ifx1
GC   - R26_Java726_SR5_20130617_1436_B152572_CMPRSS
J9CL - 20130617_152572
BootLoader constants: OS=win32, ARCH=x86_64, WS=win32, NL=es_ES
Command-line arguments:  -clean -nl es_ES -configuration C:\Users\Eloy\Documents\IBM\ILOG\CPLEX_Studio126\AMMM-Project\.metadata\workspace_oplrun

!ENTRY ilog.odms.ide.opllang 1 0 2017-01-12 23:00:33.287
!MESSAGE concert_wrap.IloInitMT

!ENTRY ilog.odms.ide.opllang.remote 1 0 2017-01-12 23:00:33.421
!MESSAGE Run Configuración 1 in C:/Users/Eloy/Documents/IBM/ILOG/CPLEX_Studio126/AMMM-Project/Project
!SESSION 2017-01-12 23:00:50.316 -----------------------------------------------
eclipse.buildId=unknown
java.fullversion=JRE 1.7.0 IBM J9 2.6 Windows 8 amd64-64 Compressed References 20130617_152572 (JIT enabled, AOT enabled)
J9VM - R26_Java726_SR5_20130617_1436_B152572
JIT  - r11.b04_20130528_38954ifx1
GC   - R26_Java726_SR5_20130617_1436_B152572_CMPRSS
J9CL - 20130617_152572
BootLoader constants: OS=win32, ARCH=x86_64, WS=win32, NL=es_ES
Command-line arguments:  -clean -nl es_ES -configuration C:\Users\Eloy\Documents\IBM\ILOG\CPLEX_Studio126\AMMM-Project\.metadata\workspace_oplrun

!ENTRY ilog.odms.ide.opllang 1 0 2017-01-12 23:00:50.317
!MESSAGE concert_wrap.IloInitMT

!ENTRY ilog.odms.ide.opllang.remote 1 0 2017-01-12 23:00:50.452
!MESSAGE Run Configuración 1 in C:/Users/Eloy/Documents/IBM/ILOG/CPLEX_Studio126/AMMM-Project/Project
!SESSION 2017-01-12 23:01:33.356 -----------------------------------------------
eclipse.buildId=unknown
java.fullversion=JRE 1.7.0 IBM J9 2.6 Windows 8 amd64-64 Compressed References 20130617_152572 (JIT enabled, AOT enabled)
J9VM - R26_Java726_SR5_20130617_1436_B152572
JIT  - r11.b04_20130528_38954ifx1
GC   - R26_Java726_SR5_20130617_1436_B152572_CMPRSS
J9CL - 20130617_152572
BootLoader constants: OS=win32, ARCH=x86_64, WS=win32, NL=es_ES
Command-line arguments:  -clean -nl es_ES -configuration C:\Users\Eloy\Documents\IBM\ILOG\CPLEX_Studio126\AMMM-Project\.metadata\workspace_oplrun

!ENTRY ilog.odms.ide.opllang 1 0 2017-01-12 23:01:33.356
!MESSAGE concert_wrap.IloInitMT

!ENTRY ilog.odms.ide.opllang.remote 1 0 2017-01-12 23:01:33.494
!MESSAGE Run Configuración 1 in C:/Users/Eloy/Documents/IBM/ILOG/CPLEX_Studio126/AMMM-Project/Project
!SESSION 2017-01-12 23:02:15.990 -----------------------------------------------
eclipse.buildId=unknown
java.fullversion=JRE 1.7.0 IBM J9 2.6 Windows 8 amd64-64 Compressed References 20130617_152572 (JIT enabled, AOT enabled)
J9VM - R26_Java726_SR5_20130617_1436_B152572
JIT  - r11.b04_20130528_38954ifx1
GC   - R26_Java726_SR5_20130617_1436_B152572_CMPRSS
J9CL - 20130617_152572
BootLoader constants: OS=win32, ARCH=x86_64, WS=win32, NL=es_ES
Command-line arguments:  -clean -nl es_ES -configuration C:\Users\Eloy\Documents\IBM\ILOG\CPLEX_Studio126\AMMM-Project\.metadata\workspace_oplrun

!ENTRY ilog.odms.ide.opllang 1 0 2017-01-12 23:02:15.990
!MESSAGE concert_wrap.IloInitMT

!ENTRY ilog.odms.ide.opllang.remote 1 0 2017-01-12 23:02:16.126
!MESSAGE Run Configuración 1 in C:/Users/Eloy/Documents/IBM/ILOG/CPLEX_Studio126/AMMM-Project/Project
!SESSION 2017-01-12 23:04:12.534 -----------------------------------------------
eclipse.buildId=unknown
java.fullversion=JRE 1.7.0 IBM J9 2.6 Windows 8 amd64-64 Compressed References 20130617_152572 (JIT enabled, AOT enabled)
J9VM - R26_Java726_SR5_20130617_1436_B152572
JIT  - r11.b04_20130528_38954ifx1
GC   - R26_Java726_SR5_20130617_1436_B152572_CMPRSS
J9CL - 20130617_152572
BootLoader constants: OS=win32, ARCH=x86_64, WS=win32, NL=es_ES
Command-line arguments:  -clean -nl es_ES -configuration C:\Users\Eloy\Documents\IBM\ILOG\CPLEX_Studio126\AMMM-Project\.metadata\workspace_oplrun

!ENTRY ilog.odms.ide.opllang 1 0 2017-01-12 23:04:12.534
!MESSAGE concert_wrap.IloInitMT

!ENTRY ilog.odms.ide.opllang.remote 1 0 2017-01-12 23:04:12.662
!MESSAGE Run Configuración 1 in C:/Users/Eloy/Documents/IBM/ILOG/CPLEX_Studio126/AMMM-Project/Project
!SESSION 2017-01-12 23:21:05.235 -----------------------------------------------
eclipse.buildId=unknown
java.fullversion=JRE 1.7.0 IBM J9 2.6 Windows 8 amd64-64 Compressed References 20130617_152572 (JIT enabled, AOT enabled)
J9VM - R26_Java726_SR5_20130617_1436_B152572
JIT  - r11.b04_20130528_38954ifx1
GC   - R26_Java726_SR5_20130617_1436_B152572_CMPRSS
J9CL - 20130617_152572
BootLoader constants: OS=win32, ARCH=x86_64, WS=win32, NL=es_ES
Command-line arguments:  -clean -nl es_ES -configuration C:\Users\Eloy\Documents\IBM\ILOG\CPLEX_Studio126\AMMM-Project\.metadata\workspace_oplrun

!ENTRY ilog.odms.ide.opllang 1 0 2017-01-12 23:21:05.235
!MESSAGE concert_wrap.IloInitMT

!ENTRY ilog.odms.ide.opllang.remote 1 0 2017-01-12 23:21:05.390
!MESSAGE Run Configuración 1 in C:/Users/Eloy/Documents/IBM/ILOG/CPLEX_Studio126/AMMM-Project/Project

!ENTRY ilog.odms.ide.opllang.remote 4 0 2017-01-12 23:21:05.519
!MESSAGE run failed
!STACK 0
ilog.concert.IloException: Fallo en el proceso.
	at ilog.opl.opl_lang_wrapJNI.IloOplModel_getModel(Native Method)
	at ilog.opl.IloOplModel.getModel(IloOplModel.java:519)
	at ilog.odms.ide.opllang.run.IloAbstractRunShell.loadModel(IloAbstractRunShell.java:1219)
	at ilog.odms.ide.opllang.remote.IloOplRunConfigRunner.doProcessModel(IloOplRunConfigRunner.java:162)
	at ilog.odms.ide.opllang.remote.IloOplRunConfigRunner.doRun(IloOplRunConfigRunner.java:398)
	at ilog.odms.ide.opllang.run.IloAbstractRunShell$2.run(IloAbstractRunShell.java:1614)
	at org.eclipse.core.internal.jobs.Worker.run(Worker.java:53)
!SESSION 2017-01-12 23:21:20.557 -----------------------------------------------
eclipse.buildId=unknown
java.fullversion=JRE 1.7.0 IBM J9 2.6 Windows 8 amd64-64 Compressed References 20130617_152572 (JIT enabled, AOT enabled)
J9VM - R26_Java726_SR5_20130617_1436_B152572
JIT  - r11.b04_20130528_38954ifx1
GC   - R26_Java726_SR5_20130617_1436_B152572_CMPRSS
J9CL - 20130617_152572
BootLoader constants: OS=win32, ARCH=x86_64, WS=win32, NL=es_ES
Command-line arguments:  -clean -nl es_ES -configuration C:\Users\Eloy\Documents\IBM\ILOG\CPLEX_Studio126\AMMM-Project\.metadata\workspace_oplrun

!ENTRY ilog.odms.ide.opllang 1 0 2017-01-12 23:21:20.557
!MESSAGE concert_wrap.IloInitMT

!ENTRY ilog.odms.ide.opllang.remote 1 0 2017-01-12 23:21:20.690
!MESSAGE Run Configuración 1 in C:/Users/Eloy/Documents/IBM/ILOG/CPLEX_Studio126/AMMM-Project/Project

!ENTRY ilog.odms.ide.opllang.remote 4 0 2017-01-12 23:21:20.755
!MESSAGE run failed
!STACK 0
ilog.concert.IloException: Fallo en el proceso.
	at ilog.opl.opl_lang_wrapJNI.IloOplModel_getModel(Native Method)
	at ilog.opl.IloOplModel.getModel(IloOplModel.java:519)
	at ilog.odms.ide.opllang.run.IloAbstractRunShell.loadModel(IloAbstractRunShell.java:1219)
	at ilog.odms.ide.opllang.remote.IloOplRunConfigRunner.doProcessModel(IloOplRunConfigRunner.java:162)
	at ilog.odms.ide.opllang.remote.IloOplRunConfigRunner.doRun(IloOplRunConfigRunner.java:398)
	at ilog.odms.ide.opllang.run.IloAbstractRunShell$2.run(IloAbstractRunShell.java:1614)
	at org.eclipse.core.internal.jobs.Worker.run(Worker.java:53)
!SESSION 2017-01-12 23:21:40.135 -----------------------------------------------
eclipse.buildId=unknown
java.fullversion=JRE 1.7.0 IBM J9 2.6 Windows 8 amd64-64 Compressed References 20130617_152572 (JIT enabled, AOT enabled)
J9VM - R26_Java726_SR5_20130617_1436_B152572
JIT  - r11.b04_20130528_38954ifx1
GC   - R26_Java726_SR5_20130617_1436_B152572_CMPRSS
J9CL - 20130617_152572
BootLoader constants: OS=win32, ARCH=x86_64, WS=win32, NL=es_ES
Command-line arguments:  -clean -nl es_ES -configuration C:\Users\Eloy\Documents\IBM\ILOG\CPLEX_Studio126\AMMM-Project\.metadata\workspace_oplrun

!ENTRY ilog.odms.ide.opllang 1 0 2017-01-12 23:21:40.135
!MESSAGE concert_wrap.IloInitMT

!ENTRY ilog.odms.ide.opllang.remote 1 0 2017-01-12 23:21:40.247
!MESSAGE Run Configuración 1 in C:/Users/Eloy/Documents/IBM/ILOG/CPLEX_Studio126/AMMM-Project/Project
!SESSION 2017-01-12 23:22:01.353 -----------------------------------------------
eclipse.buildId=unknown
java.fullversion=JRE 1.7.0 IBM J9 2.6 Windows 8 amd64-64 Compressed References 20130617_152572 (JIT enabled, AOT enabled)
J9VM - R26_Java726_SR5_20130617_1436_B152572
JIT  - r11.b04_20130528_38954ifx1
GC   - R26_Java726_SR5_20130617_1436_B152572_CMPRSS
J9CL - 20130617_152572
BootLoader constants: OS=win32, ARCH=x86_64, WS=win32, NL=es_ES
Command-line arguments:  -clean -nl es_ES -configuration C:\Users\Eloy\Documents\IBM\ILOG\CPLEX_Studio126\AMMM-Project\.metadata\workspace_oplrun

!ENTRY ilog.odms.ide.opllang 1 0 2017-01-12 23:22:01.353
!MESSAGE concert_wrap.IloInitMT

!ENTRY ilog.odms.ide.opllang.remote 1 0 2017-01-12 23:22:01.476
!MESSAGE Run Configuración 1 in C:/Users/Eloy/Documents/IBM/ILOG/CPLEX_Studio126/AMMM-Project/Project
